[18:10:04] [main/INFO]: Loading for game Minecraft 1.17.1
[18:10:05] [main/INFO]: [FabricLoader] Loading 9 mods:
	- com_velocitypowered_velocity-native@1.1.0-SNAPSHOT
	- fabricloader@0.11.6
	- fastfurnace@1.17-3.0
	- ferritecore@3.0.1
	- java@16
	- krypton@0.1.4
	- lithium@0.7.3
	- minecraft@1.17.1
	- starlight@1.0.0-RC3+fabric.2b7d7ae
[18:10:05] [main/INFO]: SpongePowered MIXIN Subsystem Version=0.8.2 Source=file:/D:/Users/Jatoxo/Desktop/Fabric%20Server/fabric-server-launch.jar Service=Knot/Fabric Env=SERVER
[18:10:05] [main/INFO]: Compatibility level set to JAVA_16
[18:10:05] [main/INFO]: Loaded configuration file for Lithium: 80 options available, 1 override(s) found
[18:10:05] [main/WARN]: Force-disabling mixin 'world.player_chunk_tick.ThreadedAnvilChunkStorageMixin' as rule 'mixin.world.player_chunk_tick' (added by mods [krypton]) disables it and children
[18:10:05] [main/WARN]: @Mixin target net/minecraft/class_4970$class_4971$class_3752 is public in ferritecore.blockstatecache.mixin.json:BlockStateCacheAccess and should be specified in value
[18:10:09] [main/INFO]: Compression will use Java 11, encryption will use Java
[18:10:09] [main/INFO]: Krypton is now accelerating your Minecraft server's networking stack 🚀
[18:10:09] [main/INFO]: Environment: authHost='https://authserver.mojang.com', accountsHost='https://api.mojang.com', sessionHost='https://sessionserver.mojang.com', servicesHost='https://api.minecraftservices.com', name='PROD'
[18:10:09] [main/WARN]: Missing data pack Fabric Mods
[18:10:10] [main/WARN]: Ambiguity between arguments [teleport, location] and [teleport, destination] with inputs: [0.1 -0.5 .9, 0 0 0]
[18:10:10] [main/WARN]: Ambiguity between arguments [teleport, location] and [teleport, targets] with inputs: [0.1 -0.5 .9, 0 0 0]
[18:10:10] [main/WARN]: Ambiguity between arguments [teleport, destination] and [teleport, targets] with inputs: [Player, 0123, @e, dd12be42-52a9-4a91-a8a1-11c01849e498]
[18:10:10] [main/WARN]: Ambiguity between arguments [teleport, targets] and [teleport, destination] with inputs: [Player, 0123, dd12be42-52a9-4a91-a8a1-11c01849e498]
[18:10:10] [main/WARN]: Ambiguity between arguments [teleport, targets, location] and [teleport, targets, destination] with inputs: [0.1 -0.5 .9, 0 0 0]
[18:10:10] [main/INFO]: Reloading ResourceManager: Default
[18:10:10] [Worker-Main-10/INFO]: Loaded 7 recipes
[18:10:10] [Worker-Main-10/INFO]: Loaded 1137 advancements
[18:10:12] [Server thread/INFO]: Starting minecraft server version 1.17.1
[18:10:12] [Server thread/INFO]: Loading properties
[18:10:12] [Server thread/INFO]: Default game type: SURVIVAL
[18:10:12] [Server thread/INFO]: Generating keypair
[18:10:12] [Server thread/INFO]: Starting Minecraft server on *:25565
[18:10:12] [Server thread/INFO]: Using default channel type
[18:10:12] [Server thread/INFO]: Preparing level "world"
[18:10:13] [Server thread/INFO]: Preparing start region for dimension minecraft:overworld
[18:10:13] [Worker-Main-10/INFO]: Preparing spawn area: 0%
[18:10:13] [Worker-Main-10/INFO]: Preparing spawn area: 0%
[18:10:15] [Worker-Main-12/INFO]: Preparing spawn area: 0%
[18:10:15] [Worker-Main-12/INFO]: Preparing spawn area: 0%
[18:10:15] [Worker-Main-12/INFO]: Preparing spawn area: 0%
[18:10:15] [Worker-Main-14/INFO]: Preparing spawn area: 0%
[18:10:16] [Worker-Main-12/INFO]: Preparing spawn area: 12%
[18:10:16] [Worker-Main-13/INFO]: Preparing spawn area: 70%
[18:10:17] [Worker-Main-8/INFO]: Preparing spawn area: 82%
[18:10:17] [Worker-Main-13/INFO]: Preparing spawn area: 90%
[18:10:17] [Server thread/INFO]: Time elapsed: 4770 ms
[18:10:17] [Server thread/INFO]: Done (4.981s)! For help, type "help"
[18:10:23] [User Authenticator #1/INFO]: UUID of player Jatoxo is 1b5c1a04-044a-49c2-815b-e019b02ed9d3
[18:10:23] [Server thread/INFO]: Jatoxo[/127.0.0.1:49629] logged in with entity id 244 at (-266.26054014917065, 72.66341562023646, -63.44198563018631)
[18:10:23] [Server thread/INFO]: Jatoxo joined the game
[18:11:14] [Server thread/WARN]: Can't keep up! Is the server overloaded? Running 4265ms or 85 ticks behind
[18:11:51] [Server thread/INFO]: [Jatoxo: Successfully filled 32 blocks]
[18:12:21] [Server thread/INFO]: [Jatoxo: Successfully filled 37 blocks]
[18:14:01] [Server thread/INFO]: Jatoxo lost connection: Disconnected
[18:14:01] [Server thread/INFO]: Jatoxo left the game
[18:33:30] [Server thread/INFO]: Stopping server
[18:33:30] [Server thread/INFO]: Saving players
[18:33:30] [Server thread/INFO]: Saving worlds
[18:33:30] [Server thread/INFO]: Saving chunks for level 'ServerLevel[world]'/minecraft:overworld
[18:33:30] [Server thread/INFO]: Saving chunks for level 'ServerLevel[world]'/minecraft:the_nether
[18:33:30] [Server thread/INFO]: Saving chunks for level 'ServerLevel[world]'/minecraft:the_end
[18:33:30] [Server thread/INFO]: ThreadedAnvilChunkStorage (world): All chunks are saved
[18:33:30] [Server thread/INFO]: ThreadedAnvilChunkStorage (DIM-1): All chunks are saved
[18:33:30] [Server thread/INFO]: ThreadedAnvilChunkStorage (DIM1): All chunks are saved
[18:33:30] [Server thread/INFO]: ThreadedAnvilChunkStorage: All dimensions are saved
